Analysis & Synthesis report for Memory256_16bits
Sun Nov 12 15:05:20 2023
Quartus II 64-Bit Version 13.1.0 Build 162 10/23/2013 SJ Web Edition


---------------------
; Table of Contents ;
---------------------
  1. Legal Notice
  2. Analysis & Synthesis Summary
  3. Analysis & Synthesis Settings
  4. Parallel Compilation
  5. Analysis & Synthesis Source Files Read
  6. Analysis & Synthesis Resource Usage Summary
  7. Analysis & Synthesis Resource Utilization by Entity
  8. Registers Removed During Synthesis
  9. General Register Statistics
 10. Multiplexer Restructuring Statistics (Restructuring Performed)
 11. Elapsed Time Per Partition
 12. Analysis & Synthesis Messages



----------------
; Legal Notice ;
----------------
Copyright (C) 1991-2013 Altera Corporation
Your use of Altera Corporation's design tools, logic functions 
and other software and tools, and its AMPP partner logic 
functions, and any output files from any of the foregoing 
(including device programming or simulation files), and any 
associated documentation or information are expressly subject 
to the terms and conditions of the Altera Program License 
Subscription Agreement, Altera MegaCore Function License 
Agreement, or other applicable license agreement, including, 
without limitation, that your use is for the sole purpose of 
programming logic devices manufactured by Altera and sold by 
Altera or its authorized distributors.  Please refer to the 
applicable agreement for further details.



+---------------------------------------------------------------------------------+
; Analysis & Synthesis Summary                                                    ;
+------------------------------------+--------------------------------------------+
; Analysis & Synthesis Status        ; Successful - Sun Nov 12 15:05:20 2023      ;
; Quartus II 64-Bit Version          ; 13.1.0 Build 162 10/23/2013 SJ Web Edition ;
; Revision Name                      ; Memory256_16bits                           ;
; Top-level Entity Name              ; Memory256_16bits                           ;
; Family                             ; Cyclone IV GX                              ;
; Total logic elements               ; 6,690                                      ;
;     Total combinational functions  ; 2,850                                      ;
;     Dedicated logic registers      ; 3,840                                      ;
; Total registers                    ; 3840                                       ;
; Total pins                         ; 42                                         ;
; Total virtual pins                 ; 0                                          ;
; Total memory bits                  ; 0                                          ;
; Embedded Multiplier 9-bit elements ; 0                                          ;
; Total GXB Receiver Channel PCS     ; 0                                          ;
; Total GXB Receiver Channel PMA     ; 0                                          ;
; Total GXB Transmitter Channel PCS  ; 0                                          ;
; Total GXB Transmitter Channel PMA  ; 0                                          ;
; Total PLLs                         ; 0                                          ;
+------------------------------------+--------------------------------------------+


+----------------------------------------------------------------------------------------------------------------------+
; Analysis & Synthesis Settings                                                                                        ;
+----------------------------------------------------------------------------+--------------------+--------------------+
; Option                                                                     ; Setting            ; Default Value      ;
+----------------------------------------------------------------------------+--------------------+--------------------+
; Top-level entity name                                                      ; Memory256_16bits   ; Memory256_16bits   ;
; Family name                                                                ; Cyclone IV GX      ; Cyclone IV GX      ;
; Use smart compilation                                                      ; Off                ; Off                ;
; Enable parallel Assembler and TimeQuest Timing Analyzer during compilation ; On                 ; On                 ;
; Enable compact report table                                                ; Off                ; Off                ;
; Restructure Multiplexers                                                   ; Auto               ; Auto               ;
; Create Debugging Nodes for IP Cores                                        ; Off                ; Off                ;
; Preserve fewer node names                                                  ; On                 ; On                 ;
; Disable OpenCore Plus hardware evaluation                                  ; Off                ; Off                ;
; Verilog Version                                                            ; Verilog_2001       ; Verilog_2001       ;
; VHDL Version                                                               ; VHDL_1993          ; VHDL_1993          ;
; State Machine Processing                                                   ; Auto               ; Auto               ;
; Safe State Machine                                                         ; Off                ; Off                ;
; Extract Verilog State Machines                                             ; On                 ; On                 ;
; Extract VHDL State Machines                                                ; On                 ; On                 ;
; Ignore Verilog initial constructs                                          ; Off                ; Off                ;
; Iteration limit for constant Verilog loops                                 ; 5000               ; 5000               ;
; Iteration limit for non-constant Verilog loops                             ; 250                ; 250                ;
; Add Pass-Through Logic to Inferred RAMs                                    ; On                 ; On                 ;
; Infer RAMs from Raw Logic                                                  ; On                 ; On                 ;
; Parallel Synthesis                                                         ; On                 ; On                 ;
; DSP Block Balancing                                                        ; Auto               ; Auto               ;
; NOT Gate Push-Back                                                         ; On                 ; On                 ;
; Power-Up Don't Care                                                        ; On                 ; On                 ;
; Remove Redundant Logic Cells                                               ; Off                ; Off                ;
; Remove Duplicate Registers                                                 ; On                 ; On                 ;
; Ignore CARRY Buffers                                                       ; Off                ; Off                ;
; Ignore CASCADE Buffers                                                     ; Off                ; Off                ;
; Ignore GLOBAL Buffers                                                      ; Off                ; Off                ;
; Ignore ROW GLOBAL Buffers                                                  ; Off                ; Off                ;
; Ignore LCELL Buffers                                                       ; Off                ; Off                ;
; Ignore SOFT Buffers                                                        ; On                 ; On                 ;
; Limit AHDL Integers to 32 Bits                                             ; Off                ; Off                ;
; Optimization Technique                                                     ; Balanced           ; Balanced           ;
; Carry Chain Length                                                         ; 70                 ; 70                 ;
; Auto Carry Chains                                                          ; On                 ; On                 ;
; Auto Open-Drain Pins                                                       ; On                 ; On                 ;
; Perform WYSIWYG Primitive Resynthesis                                      ; Off                ; Off                ;
; Auto ROM Replacement                                                       ; On                 ; On                 ;
; Auto RAM Replacement                                                       ; On                 ; On                 ;
; Auto DSP Block Replacement                                                 ; On                 ; On                 ;
; Auto Shift Register Replacement                                            ; Auto               ; Auto               ;
; Allow Shift Register Merging across Hierarchies                            ; Auto               ; Auto               ;
; Auto Clock Enable Replacement                                              ; On                 ; On                 ;
; Strict RAM Replacement                                                     ; Off                ; Off                ;
; Allow Synchronous Control Signals                                          ; On                 ; On                 ;
; Force Use of Synchronous Clear Signals                                     ; Off                ; Off                ;
; Auto RAM Block Balancing                                                   ; On                 ; On                 ;
; Auto RAM to Logic Cell Conversion                                          ; Off                ; Off                ;
; Auto Resource Sharing                                                      ; Off                ; Off                ;
; Allow Any RAM Size For Recognition                                         ; Off                ; Off                ;
; Allow Any ROM Size For Recognition                                         ; Off                ; Off                ;
; Allow Any Shift Register Size For Recognition                              ; Off                ; Off                ;
; Use LogicLock Constraints during Resource Balancing                        ; On                 ; On                 ;
; Ignore translate_off and synthesis_off directives                          ; Off                ; Off                ;
; Timing-Driven Synthesis                                                    ; On                 ; On                 ;
; Report Parameter Settings                                                  ; On                 ; On                 ;
; Report Source Assignments                                                  ; On                 ; On                 ;
; Report Connectivity Checks                                                 ; On                 ; On                 ;
; Ignore Maximum Fan-Out Assignments                                         ; Off                ; Off                ;
; Synchronization Register Chain Length                                      ; 2                  ; 2                  ;
; PowerPlay Power Optimization                                               ; Normal compilation ; Normal compilation ;
; HDL message level                                                          ; Level2             ; Level2             ;
; Suppress Register Optimization Related Messages                            ; Off                ; Off                ;
; Number of Removed Registers Reported in Synthesis Report                   ; 5000               ; 5000               ;
; Number of Swept Nodes Reported in Synthesis Report                         ; 5000               ; 5000               ;
; Number of Inverted Registers Reported in Synthesis Report                  ; 100                ; 100                ;
; Clock MUX Protection                                                       ; On                 ; On                 ;
; Auto Gated Clock Conversion                                                ; Off                ; Off                ;
; Block Design Naming                                                        ; Auto               ; Auto               ;
; SDC constraint protection                                                  ; Off                ; Off                ;
; Synthesis Effort                                                           ; Auto               ; Auto               ;
; Shift Register Replacement - Allow Asynchronous Clear Signal               ; On                 ; On                 ;
; Pre-Mapping Resynthesis Optimization                                       ; Off                ; Off                ;
; Analysis & Synthesis Message Level                                         ; Medium             ; Medium             ;
; Disable Register Merging Across Hierarchies                                ; Auto               ; Auto               ;
; Resource Aware Inference For Block RAM                                     ; On                 ; On                 ;
; Synthesis Seed                                                             ; 1                  ; 1                  ;
+----------------------------------------------------------------------------+--------------------+--------------------+


Parallel compilation was disabled, but you have multiple processors available. Enable parallel compilation to reduce compilation time.
+-------------------------------------+
; Parallel Compilation                ;
+----------------------------+--------+
; Processors                 ; Number ;
+----------------------------+--------+
; Number detected on machine ; 20     ;
; Maximum allowed            ; 1      ;
+----------------------------+--------+


+----------------------------------------------------------------------------------------------------------------------------------------------------+
; Analysis & Synthesis Source Files Read                                                                                                             ;
+----------------------------------+-----------------+------------------------+------------------------------------------------------------+---------+
; File Name with User-Entered Path ; Used in Netlist ; File Type              ; File Name with Absolute Path                               ; Library ;
+----------------------------------+-----------------+------------------------+------------------------------------------------------------+---------+
; Mux8to1_16bits.v                 ; yes             ; User Verilog HDL File  ; X:/altera/13.1/quartus/Memory256_16bits/Mux8to1_16bits.v   ;         ;
; ../Decoder3to8/Decoder3to8.v     ; yes             ; User Verilog HDL File  ; X:/altera/13.1/quartus/Decoder3to8/Decoder3to8.v           ;         ;
; Memory256_16bits.v               ; yes             ; User Verilog HDL File  ; X:/altera/13.1/quartus/Memory256_16bits/Memory256_16bits.v ;         ;
+----------------------------------+-----------------+------------------------+------------------------------------------------------------+---------+


+---------------------------------------------+
; Analysis & Synthesis Resource Usage Summary ;
+--------------------------+------------------+
; Resource                 ; Usage            ;
+--------------------------+------------------+
; I/O pins                 ; 42               ;
; DSP block 9-bit elements ; 0                ;
; Maximum fan-out node     ; clk~input        ;
; Maximum fan-out          ; 3840             ;
; Total fan-out            ; 22695            ;
; Average fan-out          ; 3.35             ;
+--------------------------+------------------+


+----------------------------------------------------------------------------------------------------------------------------------------------------------------------------------------------------------+
; Analysis & Synthesis Resource Utilization by Entity                                                                                                                                                      ;
+----------------------------+-------------------+--------------+-------------+--------------+---------+-----------+-----------+------+--------------+--------------------------------------+--------------+
; Compilation Hierarchy Node ; LC Combinationals ; LC Registers ; Memory Bits ; DSP Elements ; DSP 9x9 ; DSP 18x18 ; DSP 36x36 ; Pins ; Virtual Pins ; Full Hierarchy Name                  ; Library Name ;
+----------------------------+-------------------+--------------+-------------+--------------+---------+-----------+-----------+------+--------------+--------------------------------------+--------------+
; |Memory256_16bits          ; 2850 (0)          ; 3840 (0)     ; 0           ; 0            ; 0       ; 0         ; 0         ; 42   ; 0            ; |Memory256_16bits                    ; work         ;
;    |Decoder3to8:D0|        ; 8 (8)             ; 0 (0)        ; 0           ; 0            ; 0       ; 0         ; 0         ; 0    ; 0            ; |Memory256_16bits|Decoder3to8:D0     ; work         ;
;    |Memory32_8bits:M00|    ; 48 (48)           ; 256 (256)    ; 0           ; 0            ; 0       ; 0         ; 0         ; 0    ; 0            ; |Memory256_16bits|Memory32_8bits:M00 ; work         ;
;    |Memory32_8bits:M01|    ; 0 (0)             ; 256 (256)    ; 0           ; 0            ; 0       ; 0         ; 0         ; 0    ; 0            ; |Memory256_16bits|Memory32_8bits:M01 ; work         ;
;    |Memory32_8bits:M10|    ; 32 (32)           ; 256 (256)    ; 0           ; 0            ; 0       ; 0         ; 0         ; 0    ; 0            ; |Memory256_16bits|Memory32_8bits:M10 ; work         ;
;    |Memory32_8bits:M11|    ; 0 (0)             ; 256 (256)    ; 0           ; 0            ; 0       ; 0         ; 0         ; 0    ; 0            ; |Memory256_16bits|Memory32_8bits:M11 ; work         ;
;    |Memory32_8bits:M20|    ; 200 (200)         ; 256 (256)    ; 0           ; 0            ; 0       ; 0         ; 0         ; 0    ; 0            ; |Memory256_16bits|Memory32_8bits:M20 ; work         ;
;    |Memory32_8bits:M30|    ; 32 (32)           ; 256 (256)    ; 0           ; 0            ; 0       ; 0         ; 0         ; 0    ; 0            ; |Memory256_16bits|Memory32_8bits:M30 ; work         ;
;    |Memory32_8bits:M31|    ; 0 (0)             ; 256 (256)    ; 0           ; 0            ; 0       ; 0         ; 0         ; 0    ; 0            ; |Memory256_16bits|Memory32_8bits:M31 ; work         ;
;    |Memory32_8bits:M40|    ; 32 (32)           ; 256 (256)    ; 0           ; 0            ; 0       ; 0         ; 0         ; 0    ; 0            ; |Memory256_16bits|Memory32_8bits:M40 ; work         ;
;    |Memory32_8bits:M41|    ; 0 (0)             ; 256 (256)    ; 0           ; 0            ; 0       ; 0         ; 0         ; 0    ; 0            ; |Memory256_16bits|Memory32_8bits:M41 ; work         ;
;    |Memory32_8bits:M50|    ; 32 (32)           ; 256 (256)    ; 0           ; 0            ; 0       ; 0         ; 0         ; 0    ; 0            ; |Memory256_16bits|Memory32_8bits:M50 ; work         ;
;    |Memory32_8bits:M51|    ; 0 (0)             ; 256 (256)    ; 0           ; 0            ; 0       ; 0         ; 0         ; 0    ; 0            ; |Memory256_16bits|Memory32_8bits:M51 ; work         ;
;    |Memory32_8bits:M60|    ; 32 (32)           ; 256 (256)    ; 0           ; 0            ; 0       ; 0         ; 0         ; 0    ; 0            ; |Memory256_16bits|Memory32_8bits:M60 ; work         ;
;    |Memory32_8bits:M61|    ; 0 (0)             ; 256 (256)    ; 0           ; 0            ; 0       ; 0         ; 0         ; 0    ; 0            ; |Memory256_16bits|Memory32_8bits:M61 ; work         ;
;    |Memory32_8bits:M70|    ; 32 (32)           ; 256 (256)    ; 0           ; 0            ; 0       ; 0         ; 0         ; 0    ; 0            ; |Memory256_16bits|Memory32_8bits:M70 ; work         ;
;    |Memory32_8bits:M71|    ; 0 (0)             ; 256 (256)    ; 0           ; 0            ; 0       ; 0         ; 0         ; 0    ; 0            ; |Memory256_16bits|Memory32_8bits:M71 ; work         ;
;    |Mux8to1_16bits:Mu0|    ; 2402 (2402)       ; 0 (0)        ; 0           ; 0            ; 0       ; 0         ; 0         ; 0    ; 0            ; |Memory256_16bits|Mux8to1_16bits:Mu0 ; work         ;
+----------------------------+-------------------+--------------+-------------+--------------+---------+-----------+-----------+------+--------------+--------------------------------------+--------------+
Note: For table entries with two numbers listed, the numbers in parentheses indicate the number of resources of the given type used by the specific entity alone. The numbers listed outside of parentheses indicate the total resources of the given type used by the specific entity and all of its sub-entities in the hierarchy.


+-------------------------------------------------------------------------------------+
; Registers Removed During Synthesis                                                  ;
+-----------------------------------------+-------------------------------------------+
; Register name                           ; Reason for Removal                        ;
+-----------------------------------------+-------------------------------------------+
; Memory32_8bits:M21|Mem[31][0]           ; Merged with Memory32_8bits:M20|Mem[31][0] ;
; Memory32_8bits:M21|Mem[30][0]           ; Merged with Memory32_8bits:M20|Mem[30][0] ;
; Memory32_8bits:M21|Mem[29][0]           ; Merged with Memory32_8bits:M20|Mem[29][0] ;
; Memory32_8bits:M21|Mem[28][0]           ; Merged with Memory32_8bits:M20|Mem[28][0] ;
; Memory32_8bits:M21|Mem[27][0]           ; Merged with Memory32_8bits:M20|Mem[27][0] ;
; Memory32_8bits:M21|Mem[26][0]           ; Merged with Memory32_8bits:M20|Mem[26][0] ;
; Memory32_8bits:M21|Mem[25][0]           ; Merged with Memory32_8bits:M20|Mem[25][0] ;
; Memory32_8bits:M21|Mem[24][0]           ; Merged with Memory32_8bits:M20|Mem[24][0] ;
; Memory32_8bits:M21|Mem[23][0]           ; Merged with Memory32_8bits:M20|Mem[23][0] ;
; Memory32_8bits:M21|Mem[22][0]           ; Merged with Memory32_8bits:M20|Mem[22][0] ;
; Memory32_8bits:M21|Mem[21][0]           ; Merged with Memory32_8bits:M20|Mem[21][0] ;
; Memory32_8bits:M21|Mem[20][0]           ; Merged with Memory32_8bits:M20|Mem[20][0] ;
; Memory32_8bits:M21|Mem[19][0]           ; Merged with Memory32_8bits:M20|Mem[19][0] ;
; Memory32_8bits:M21|Mem[18][0]           ; Merged with Memory32_8bits:M20|Mem[18][0] ;
; Memory32_8bits:M21|Mem[17][0]           ; Merged with Memory32_8bits:M20|Mem[17][0] ;
; Memory32_8bits:M21|Mem[16][0]           ; Merged with Memory32_8bits:M20|Mem[16][0] ;
; Memory32_8bits:M21|Mem[15][0]           ; Merged with Memory32_8bits:M20|Mem[15][0] ;
; Memory32_8bits:M21|Mem[14][0]           ; Merged with Memory32_8bits:M20|Mem[14][0] ;
; Memory32_8bits:M21|Mem[13][0]           ; Merged with Memory32_8bits:M20|Mem[13][0] ;
; Memory32_8bits:M21|Mem[12][0]           ; Merged with Memory32_8bits:M20|Mem[12][0] ;
; Memory32_8bits:M21|Mem[11][0]           ; Merged with Memory32_8bits:M20|Mem[11][0] ;
; Memory32_8bits:M21|Mem[10][0]           ; Merged with Memory32_8bits:M20|Mem[10][0] ;
; Memory32_8bits:M21|Mem[9][0]            ; Merged with Memory32_8bits:M20|Mem[9][0]  ;
; Memory32_8bits:M21|Mem[8][0]            ; Merged with Memory32_8bits:M20|Mem[8][0]  ;
; Memory32_8bits:M21|Mem[7][0]            ; Merged with Memory32_8bits:M20|Mem[7][0]  ;
; Memory32_8bits:M21|Mem[6][0]            ; Merged with Memory32_8bits:M20|Mem[6][0]  ;
; Memory32_8bits:M21|Mem[5][0]            ; Merged with Memory32_8bits:M20|Mem[5][0]  ;
; Memory32_8bits:M21|Mem[4][0]            ; Merged with Memory32_8bits:M20|Mem[4][0]  ;
; Memory32_8bits:M21|Mem[3][0]            ; Merged with Memory32_8bits:M20|Mem[3][0]  ;
; Memory32_8bits:M21|Mem[2][0]            ; Merged with Memory32_8bits:M20|Mem[2][0]  ;
; Memory32_8bits:M21|Mem[1][0]            ; Merged with Memory32_8bits:M20|Mem[1][0]  ;
; Memory32_8bits:M21|Mem[0][0]            ; Merged with Memory32_8bits:M20|Mem[0][0]  ;
; Memory32_8bits:M21|Mem[31][1]           ; Merged with Memory32_8bits:M20|Mem[31][1] ;
; Memory32_8bits:M21|Mem[30][1]           ; Merged with Memory32_8bits:M20|Mem[30][1] ;
; Memory32_8bits:M21|Mem[29][1]           ; Merged with Memory32_8bits:M20|Mem[29][1] ;
; Memory32_8bits:M21|Mem[28][1]           ; Merged with Memory32_8bits:M20|Mem[28][1] ;
; Memory32_8bits:M21|Mem[27][1]           ; Merged with Memory32_8bits:M20|Mem[27][1] ;
; Memory32_8bits:M21|Mem[26][1]           ; Merged with Memory32_8bits:M20|Mem[26][1] ;
; Memory32_8bits:M21|Mem[25][1]           ; Merged with Memory32_8bits:M20|Mem[25][1] ;
; Memory32_8bits:M21|Mem[24][1]           ; Merged with Memory32_8bits:M20|Mem[24][1] ;
; Memory32_8bits:M21|Mem[23][1]           ; Merged with Memory32_8bits:M20|Mem[23][1] ;
; Memory32_8bits:M21|Mem[22][1]           ; Merged with Memory32_8bits:M20|Mem[22][1] ;
; Memory32_8bits:M21|Mem[21][1]           ; Merged with Memory32_8bits:M20|Mem[21][1] ;
; Memory32_8bits:M21|Mem[20][1]           ; Merged with Memory32_8bits:M20|Mem[20][1] ;
; Memory32_8bits:M21|Mem[19][1]           ; Merged with Memory32_8bits:M20|Mem[19][1] ;
; Memory32_8bits:M21|Mem[18][1]           ; Merged with Memory32_8bits:M20|Mem[18][1] ;
; Memory32_8bits:M21|Mem[17][1]           ; Merged with Memory32_8bits:M20|Mem[17][1] ;
; Memory32_8bits:M21|Mem[16][1]           ; Merged with Memory32_8bits:M20|Mem[16][1] ;
; Memory32_8bits:M21|Mem[15][1]           ; Merged with Memory32_8bits:M20|Mem[15][1] ;
; Memory32_8bits:M21|Mem[14][1]           ; Merged with Memory32_8bits:M20|Mem[14][1] ;
; Memory32_8bits:M21|Mem[13][1]           ; Merged with Memory32_8bits:M20|Mem[13][1] ;
; Memory32_8bits:M21|Mem[12][1]           ; Merged with Memory32_8bits:M20|Mem[12][1] ;
; Memory32_8bits:M21|Mem[11][1]           ; Merged with Memory32_8bits:M20|Mem[11][1] ;
; Memory32_8bits:M21|Mem[10][1]           ; Merged with Memory32_8bits:M20|Mem[10][1] ;
; Memory32_8bits:M21|Mem[9][1]            ; Merged with Memory32_8bits:M20|Mem[9][1]  ;
; Memory32_8bits:M21|Mem[8][1]            ; Merged with Memory32_8bits:M20|Mem[8][1]  ;
; Memory32_8bits:M21|Mem[7][1]            ; Merged with Memory32_8bits:M20|Mem[7][1]  ;
; Memory32_8bits:M21|Mem[6][1]            ; Merged with Memory32_8bits:M20|Mem[6][1]  ;
; Memory32_8bits:M21|Mem[5][1]            ; Merged with Memory32_8bits:M20|Mem[5][1]  ;
; Memory32_8bits:M21|Mem[4][1]            ; Merged with Memory32_8bits:M20|Mem[4][1]  ;
; Memory32_8bits:M21|Mem[3][1]            ; Merged with Memory32_8bits:M20|Mem[3][1]  ;
; Memory32_8bits:M21|Mem[2][1]            ; Merged with Memory32_8bits:M20|Mem[2][1]  ;
; Memory32_8bits:M21|Mem[1][1]            ; Merged with Memory32_8bits:M20|Mem[1][1]  ;
; Memory32_8bits:M21|Mem[0][1]            ; Merged with Memory32_8bits:M20|Mem[0][1]  ;
; Memory32_8bits:M21|Mem[31][2]           ; Merged with Memory32_8bits:M20|Mem[31][2] ;
; Memory32_8bits:M21|Mem[30][2]           ; Merged with Memory32_8bits:M20|Mem[30][2] ;
; Memory32_8bits:M21|Mem[29][2]           ; Merged with Memory32_8bits:M20|Mem[29][2] ;
; Memory32_8bits:M21|Mem[28][2]           ; Merged with Memory32_8bits:M20|Mem[28][2] ;
; Memory32_8bits:M21|Mem[27][2]           ; Merged with Memory32_8bits:M20|Mem[27][2] ;
; Memory32_8bits:M21|Mem[26][2]           ; Merged with Memory32_8bits:M20|Mem[26][2] ;
; Memory32_8bits:M21|Mem[25][2]           ; Merged with Memory32_8bits:M20|Mem[25][2] ;
; Memory32_8bits:M21|Mem[24][2]           ; Merged with Memory32_8bits:M20|Mem[24][2] ;
; Memory32_8bits:M21|Mem[23][2]           ; Merged with Memory32_8bits:M20|Mem[23][2] ;
; Memory32_8bits:M21|Mem[22][2]           ; Merged with Memory32_8bits:M20|Mem[22][2] ;
; Memory32_8bits:M21|Mem[21][2]           ; Merged with Memory32_8bits:M20|Mem[21][2] ;
; Memory32_8bits:M21|Mem[20][2]           ; Merged with Memory32_8bits:M20|Mem[20][2] ;
; Memory32_8bits:M21|Mem[19][2]           ; Merged with Memory32_8bits:M20|Mem[19][2] ;
; Memory32_8bits:M21|Mem[18][2]           ; Merged with Memory32_8bits:M20|Mem[18][2] ;
; Memory32_8bits:M21|Mem[17][2]           ; Merged with Memory32_8bits:M20|Mem[17][2] ;
; Memory32_8bits:M21|Mem[16][2]           ; Merged with Memory32_8bits:M20|Mem[16][2] ;
; Memory32_8bits:M21|Mem[15][2]           ; Merged with Memory32_8bits:M20|Mem[15][2] ;
; Memory32_8bits:M21|Mem[14][2]           ; Merged with Memory32_8bits:M20|Mem[14][2] ;
; Memory32_8bits:M21|Mem[13][2]           ; Merged with Memory32_8bits:M20|Mem[13][2] ;
; Memory32_8bits:M21|Mem[12][2]           ; Merged with Memory32_8bits:M20|Mem[12][2] ;
; Memory32_8bits:M21|Mem[11][2]           ; Merged with Memory32_8bits:M20|Mem[11][2] ;
; Memory32_8bits:M21|Mem[10][2]           ; Merged with Memory32_8bits:M20|Mem[10][2] ;
; Memory32_8bits:M21|Mem[9][2]            ; Merged with Memory32_8bits:M20|Mem[9][2]  ;
; Memory32_8bits:M21|Mem[8][2]            ; Merged with Memory32_8bits:M20|Mem[8][2]  ;
; Memory32_8bits:M21|Mem[7][2]            ; Merged with Memory32_8bits:M20|Mem[7][2]  ;
; Memory32_8bits:M21|Mem[6][2]            ; Merged with Memory32_8bits:M20|Mem[6][2]  ;
; Memory32_8bits:M21|Mem[5][2]            ; Merged with Memory32_8bits:M20|Mem[5][2]  ;
; Memory32_8bits:M21|Mem[4][2]            ; Merged with Memory32_8bits:M20|Mem[4][2]  ;
; Memory32_8bits:M21|Mem[3][2]            ; Merged with Memory32_8bits:M20|Mem[3][2]  ;
; Memory32_8bits:M21|Mem[2][2]            ; Merged with Memory32_8bits:M20|Mem[2][2]  ;
; Memory32_8bits:M21|Mem[1][2]            ; Merged with Memory32_8bits:M20|Mem[1][2]  ;
; Memory32_8bits:M21|Mem[0][2]            ; Merged with Memory32_8bits:M20|Mem[0][2]  ;
; Memory32_8bits:M21|Mem[31][3]           ; Merged with Memory32_8bits:M20|Mem[31][3] ;
; Memory32_8bits:M21|Mem[30][3]           ; Merged with Memory32_8bits:M20|Mem[30][3] ;
; Memory32_8bits:M21|Mem[29][3]           ; Merged with Memory32_8bits:M20|Mem[29][3] ;
; Memory32_8bits:M21|Mem[28][3]           ; Merged with Memory32_8bits:M20|Mem[28][3] ;
; Memory32_8bits:M21|Mem[27][3]           ; Merged with Memory32_8bits:M20|Mem[27][3] ;
; Memory32_8bits:M21|Mem[26][3]           ; Merged with Memory32_8bits:M20|Mem[26][3] ;
; Memory32_8bits:M21|Mem[25][3]           ; Merged with Memory32_8bits:M20|Mem[25][3] ;
; Memory32_8bits:M21|Mem[24][3]           ; Merged with Memory32_8bits:M20|Mem[24][3] ;
; Memory32_8bits:M21|Mem[23][3]           ; Merged with Memory32_8bits:M20|Mem[23][3] ;
; Memory32_8bits:M21|Mem[22][3]           ; Merged with Memory32_8bits:M20|Mem[22][3] ;
; Memory32_8bits:M21|Mem[21][3]           ; Merged with Memory32_8bits:M20|Mem[21][3] ;
; Memory32_8bits:M21|Mem[20][3]           ; Merged with Memory32_8bits:M20|Mem[20][3] ;
; Memory32_8bits:M21|Mem[19][3]           ; Merged with Memory32_8bits:M20|Mem[19][3] ;
; Memory32_8bits:M21|Mem[18][3]           ; Merged with Memory32_8bits:M20|Mem[18][3] ;
; Memory32_8bits:M21|Mem[17][3]           ; Merged with Memory32_8bits:M20|Mem[17][3] ;
; Memory32_8bits:M21|Mem[16][3]           ; Merged with Memory32_8bits:M20|Mem[16][3] ;
; Memory32_8bits:M21|Mem[15][3]           ; Merged with Memory32_8bits:M20|Mem[15][3] ;
; Memory32_8bits:M21|Mem[14][3]           ; Merged with Memory32_8bits:M20|Mem[14][3] ;
; Memory32_8bits:M21|Mem[13][3]           ; Merged with Memory32_8bits:M20|Mem[13][3] ;
; Memory32_8bits:M21|Mem[12][3]           ; Merged with Memory32_8bits:M20|Mem[12][3] ;
; Memory32_8bits:M21|Mem[11][3]           ; Merged with Memory32_8bits:M20|Mem[11][3] ;
; Memory32_8bits:M21|Mem[10][3]           ; Merged with Memory32_8bits:M20|Mem[10][3] ;
; Memory32_8bits:M21|Mem[9][3]            ; Merged with Memory32_8bits:M20|Mem[9][3]  ;
; Memory32_8bits:M21|Mem[8][3]            ; Merged with Memory32_8bits:M20|Mem[8][3]  ;
; Memory32_8bits:M21|Mem[7][3]            ; Merged with Memory32_8bits:M20|Mem[7][3]  ;
; Memory32_8bits:M21|Mem[6][3]            ; Merged with Memory32_8bits:M20|Mem[6][3]  ;
; Memory32_8bits:M21|Mem[5][3]            ; Merged with Memory32_8bits:M20|Mem[5][3]  ;
; Memory32_8bits:M21|Mem[4][3]            ; Merged with Memory32_8bits:M20|Mem[4][3]  ;
; Memory32_8bits:M21|Mem[3][3]            ; Merged with Memory32_8bits:M20|Mem[3][3]  ;
; Memory32_8bits:M21|Mem[2][3]            ; Merged with Memory32_8bits:M20|Mem[2][3]  ;
; Memory32_8bits:M21|Mem[1][3]            ; Merged with Memory32_8bits:M20|Mem[1][3]  ;
; Memory32_8bits:M21|Mem[0][3]            ; Merged with Memory32_8bits:M20|Mem[0][3]  ;
; Memory32_8bits:M21|Mem[31][4]           ; Merged with Memory32_8bits:M20|Mem[31][4] ;
; Memory32_8bits:M21|Mem[30][4]           ; Merged with Memory32_8bits:M20|Mem[30][4] ;
; Memory32_8bits:M21|Mem[29][4]           ; Merged with Memory32_8bits:M20|Mem[29][4] ;
; Memory32_8bits:M21|Mem[28][4]           ; Merged with Memory32_8bits:M20|Mem[28][4] ;
; Memory32_8bits:M21|Mem[27][4]           ; Merged with Memory32_8bits:M20|Mem[27][4] ;
; Memory32_8bits:M21|Mem[26][4]           ; Merged with Memory32_8bits:M20|Mem[26][4] ;
; Memory32_8bits:M21|Mem[25][4]           ; Merged with Memory32_8bits:M20|Mem[25][4] ;
; Memory32_8bits:M21|Mem[24][4]           ; Merged with Memory32_8bits:M20|Mem[24][4] ;
; Memory32_8bits:M21|Mem[23][4]           ; Merged with Memory32_8bits:M20|Mem[23][4] ;
; Memory32_8bits:M21|Mem[22][4]           ; Merged with Memory32_8bits:M20|Mem[22][4] ;
; Memory32_8bits:M21|Mem[21][4]           ; Merged with Memory32_8bits:M20|Mem[21][4] ;
; Memory32_8bits:M21|Mem[20][4]           ; Merged with Memory32_8bits:M20|Mem[20][4] ;
; Memory32_8bits:M21|Mem[19][4]           ; Merged with Memory32_8bits:M20|Mem[19][4] ;
; Memory32_8bits:M21|Mem[18][4]           ; Merged with Memory32_8bits:M20|Mem[18][4] ;
; Memory32_8bits:M21|Mem[17][4]           ; Merged with Memory32_8bits:M20|Mem[17][4] ;
; Memory32_8bits:M21|Mem[16][4]           ; Merged with Memory32_8bits:M20|Mem[16][4] ;
; Memory32_8bits:M21|Mem[15][4]           ; Merged with Memory32_8bits:M20|Mem[15][4] ;
; Memory32_8bits:M21|Mem[14][4]           ; Merged with Memory32_8bits:M20|Mem[14][4] ;
; Memory32_8bits:M21|Mem[13][4]           ; Merged with Memory32_8bits:M20|Mem[13][4] ;
; Memory32_8bits:M21|Mem[12][4]           ; Merged with Memory32_8bits:M20|Mem[12][4] ;
; Memory32_8bits:M21|Mem[11][4]           ; Merged with Memory32_8bits:M20|Mem[11][4] ;
; Memory32_8bits:M21|Mem[10][4]           ; Merged with Memory32_8bits:M20|Mem[10][4] ;
; Memory32_8bits:M21|Mem[9][4]            ; Merged with Memory32_8bits:M20|Mem[9][4]  ;
; Memory32_8bits:M21|Mem[8][4]            ; Merged with Memory32_8bits:M20|Mem[8][4]  ;
; Memory32_8bits:M21|Mem[7][4]            ; Merged with Memory32_8bits:M20|Mem[7][4]  ;
; Memory32_8bits:M21|Mem[6][4]            ; Merged with Memory32_8bits:M20|Mem[6][4]  ;
; Memory32_8bits:M21|Mem[5][4]            ; Merged with Memory32_8bits:M20|Mem[5][4]  ;
; Memory32_8bits:M21|Mem[4][4]            ; Merged with Memory32_8bits:M20|Mem[4][4]  ;
; Memory32_8bits:M21|Mem[3][4]            ; Merged with Memory32_8bits:M20|Mem[3][4]  ;
; Memory32_8bits:M21|Mem[2][4]            ; Merged with Memory32_8bits:M20|Mem[2][4]  ;
; Memory32_8bits:M21|Mem[1][4]            ; Merged with Memory32_8bits:M20|Mem[1][4]  ;
; Memory32_8bits:M21|Mem[0][4]            ; Merged with Memory32_8bits:M20|Mem[0][4]  ;
; Memory32_8bits:M21|Mem[31][5]           ; Merged with Memory32_8bits:M20|Mem[31][5] ;
; Memory32_8bits:M21|Mem[30][5]           ; Merged with Memory32_8bits:M20|Mem[30][5] ;
; Memory32_8bits:M21|Mem[29][5]           ; Merged with Memory32_8bits:M20|Mem[29][5] ;
; Memory32_8bits:M21|Mem[28][5]           ; Merged with Memory32_8bits:M20|Mem[28][5] ;
; Memory32_8bits:M21|Mem[27][5]           ; Merged with Memory32_8bits:M20|Mem[27][5] ;
; Memory32_8bits:M21|Mem[26][5]           ; Merged with Memory32_8bits:M20|Mem[26][5] ;
; Memory32_8bits:M21|Mem[25][5]           ; Merged with Memory32_8bits:M20|Mem[25][5] ;
; Memory32_8bits:M21|Mem[24][5]           ; Merged with Memory32_8bits:M20|Mem[24][5] ;
; Memory32_8bits:M21|Mem[23][5]           ; Merged with Memory32_8bits:M20|Mem[23][5] ;
; Memory32_8bits:M21|Mem[22][5]           ; Merged with Memory32_8bits:M20|Mem[22][5] ;
; Memory32_8bits:M21|Mem[21][5]           ; Merged with Memory32_8bits:M20|Mem[21][5] ;
; Memory32_8bits:M21|Mem[20][5]           ; Merged with Memory32_8bits:M20|Mem[20][5] ;
; Memory32_8bits:M21|Mem[19][5]           ; Merged with Memory32_8bits:M20|Mem[19][5] ;
; Memory32_8bits:M21|Mem[18][5]           ; Merged with Memory32_8bits:M20|Mem[18][5] ;
; Memory32_8bits:M21|Mem[17][5]           ; Merged with Memory32_8bits:M20|Mem[17][5] ;
; Memory32_8bits:M21|Mem[16][5]           ; Merged with Memory32_8bits:M20|Mem[16][5] ;
; Memory32_8bits:M21|Mem[15][5]           ; Merged with Memory32_8bits:M20|Mem[15][5] ;
; Memory32_8bits:M21|Mem[14][5]           ; Merged with Memory32_8bits:M20|Mem[14][5] ;
; Memory32_8bits:M21|Mem[13][5]           ; Merged with Memory32_8bits:M20|Mem[13][5] ;
; Memory32_8bits:M21|Mem[12][5]           ; Merged with Memory32_8bits:M20|Mem[12][5] ;
; Memory32_8bits:M21|Mem[11][5]           ; Merged with Memory32_8bits:M20|Mem[11][5] ;
; Memory32_8bits:M21|Mem[10][5]           ; Merged with Memory32_8bits:M20|Mem[10][5] ;
; Memory32_8bits:M21|Mem[9][5]            ; Merged with Memory32_8bits:M20|Mem[9][5]  ;
; Memory32_8bits:M21|Mem[8][5]            ; Merged with Memory32_8bits:M20|Mem[8][5]  ;
; Memory32_8bits:M21|Mem[7][5]            ; Merged with Memory32_8bits:M20|Mem[7][5]  ;
; Memory32_8bits:M21|Mem[6][5]            ; Merged with Memory32_8bits:M20|Mem[6][5]  ;
; Memory32_8bits:M21|Mem[5][5]            ; Merged with Memory32_8bits:M20|Mem[5][5]  ;
; Memory32_8bits:M21|Mem[4][5]            ; Merged with Memory32_8bits:M20|Mem[4][5]  ;
; Memory32_8bits:M21|Mem[3][5]            ; Merged with Memory32_8bits:M20|Mem[3][5]  ;
; Memory32_8bits:M21|Mem[2][5]            ; Merged with Memory32_8bits:M20|Mem[2][5]  ;
; Memory32_8bits:M21|Mem[1][5]            ; Merged with Memory32_8bits:M20|Mem[1][5]  ;
; Memory32_8bits:M21|Mem[0][5]            ; Merged with Memory32_8bits:M20|Mem[0][5]  ;
; Memory32_8bits:M21|Mem[31][6]           ; Merged with Memory32_8bits:M20|Mem[31][6] ;
; Memory32_8bits:M21|Mem[30][6]           ; Merged with Memory32_8bits:M20|Mem[30][6] ;
; Memory32_8bits:M21|Mem[29][6]           ; Merged with Memory32_8bits:M20|Mem[29][6] ;
; Memory32_8bits:M21|Mem[28][6]           ; Merged with Memory32_8bits:M20|Mem[28][6] ;
; Memory32_8bits:M21|Mem[27][6]           ; Merged with Memory32_8bits:M20|Mem[27][6] ;
; Memory32_8bits:M21|Mem[26][6]           ; Merged with Memory32_8bits:M20|Mem[26][6] ;
; Memory32_8bits:M21|Mem[25][6]           ; Merged with Memory32_8bits:M20|Mem[25][6] ;
; Memory32_8bits:M21|Mem[24][6]           ; Merged with Memory32_8bits:M20|Mem[24][6] ;
; Memory32_8bits:M21|Mem[23][6]           ; Merged with Memory32_8bits:M20|Mem[23][6] ;
; Memory32_8bits:M21|Mem[22][6]           ; Merged with Memory32_8bits:M20|Mem[22][6] ;
; Memory32_8bits:M21|Mem[21][6]           ; Merged with Memory32_8bits:M20|Mem[21][6] ;
; Memory32_8bits:M21|Mem[20][6]           ; Merged with Memory32_8bits:M20|Mem[20][6] ;
; Memory32_8bits:M21|Mem[19][6]           ; Merged with Memory32_8bits:M20|Mem[19][6] ;
; Memory32_8bits:M21|Mem[18][6]           ; Merged with Memory32_8bits:M20|Mem[18][6] ;
; Memory32_8bits:M21|Mem[17][6]           ; Merged with Memory32_8bits:M20|Mem[17][6] ;
; Memory32_8bits:M21|Mem[16][6]           ; Merged with Memory32_8bits:M20|Mem[16][6] ;
; Memory32_8bits:M21|Mem[15][6]           ; Merged with Memory32_8bits:M20|Mem[15][6] ;
; Memory32_8bits:M21|Mem[14][6]           ; Merged with Memory32_8bits:M20|Mem[14][6] ;
; Memory32_8bits:M21|Mem[13][6]           ; Merged with Memory32_8bits:M20|Mem[13][6] ;
; Memory32_8bits:M21|Mem[12][6]           ; Merged with Memory32_8bits:M20|Mem[12][6] ;
; Memory32_8bits:M21|Mem[11][6]           ; Merged with Memory32_8bits:M20|Mem[11][6] ;
; Memory32_8bits:M21|Mem[10][6]           ; Merged with Memory32_8bits:M20|Mem[10][6] ;
; Memory32_8bits:M21|Mem[9][6]            ; Merged with Memory32_8bits:M20|Mem[9][6]  ;
; Memory32_8bits:M21|Mem[8][6]            ; Merged with Memory32_8bits:M20|Mem[8][6]  ;
; Memory32_8bits:M21|Mem[7][6]            ; Merged with Memory32_8bits:M20|Mem[7][6]  ;
; Memory32_8bits:M21|Mem[6][6]            ; Merged with Memory32_8bits:M20|Mem[6][6]  ;
; Memory32_8bits:M21|Mem[5][6]            ; Merged with Memory32_8bits:M20|Mem[5][6]  ;
; Memory32_8bits:M21|Mem[4][6]            ; Merged with Memory32_8bits:M20|Mem[4][6]  ;
; Memory32_8bits:M21|Mem[3][6]            ; Merged with Memory32_8bits:M20|Mem[3][6]  ;
; Memory32_8bits:M21|Mem[2][6]            ; Merged with Memory32_8bits:M20|Mem[2][6]  ;
; Memory32_8bits:M21|Mem[1][6]            ; Merged with Memory32_8bits:M20|Mem[1][6]  ;
; Memory32_8bits:M21|Mem[0][6]            ; Merged with Memory32_8bits:M20|Mem[0][6]  ;
; Memory32_8bits:M21|Mem[31][7]           ; Merged with Memory32_8bits:M20|Mem[31][7] ;
; Memory32_8bits:M21|Mem[30][7]           ; Merged with Memory32_8bits:M20|Mem[30][7] ;
; Memory32_8bits:M21|Mem[29][7]           ; Merged with Memory32_8bits:M20|Mem[29][7] ;
; Memory32_8bits:M21|Mem[28][7]           ; Merged with Memory32_8bits:M20|Mem[28][7] ;
; Memory32_8bits:M21|Mem[27][7]           ; Merged with Memory32_8bits:M20|Mem[27][7] ;
; Memory32_8bits:M21|Mem[26][7]           ; Merged with Memory32_8bits:M20|Mem[26][7] ;
; Memory32_8bits:M21|Mem[25][7]           ; Merged with Memory32_8bits:M20|Mem[25][7] ;
; Memory32_8bits:M21|Mem[24][7]           ; Merged with Memory32_8bits:M20|Mem[24][7] ;
; Memory32_8bits:M21|Mem[23][7]           ; Merged with Memory32_8bits:M20|Mem[23][7] ;
; Memory32_8bits:M21|Mem[22][7]           ; Merged with Memory32_8bits:M20|Mem[22][7] ;
; Memory32_8bits:M21|Mem[21][7]           ; Merged with Memory32_8bits:M20|Mem[21][7] ;
; Memory32_8bits:M21|Mem[20][7]           ; Merged with Memory32_8bits:M20|Mem[20][7] ;
; Memory32_8bits:M21|Mem[19][7]           ; Merged with Memory32_8bits:M20|Mem[19][7] ;
; Memory32_8bits:M21|Mem[18][7]           ; Merged with Memory32_8bits:M20|Mem[18][7] ;
; Memory32_8bits:M21|Mem[17][7]           ; Merged with Memory32_8bits:M20|Mem[17][7] ;
; Memory32_8bits:M21|Mem[16][7]           ; Merged with Memory32_8bits:M20|Mem[16][7] ;
; Memory32_8bits:M21|Mem[15][7]           ; Merged with Memory32_8bits:M20|Mem[15][7] ;
; Memory32_8bits:M21|Mem[14][7]           ; Merged with Memory32_8bits:M20|Mem[14][7] ;
; Memory32_8bits:M21|Mem[13][7]           ; Merged with Memory32_8bits:M20|Mem[13][7] ;
; Memory32_8bits:M21|Mem[12][7]           ; Merged with Memory32_8bits:M20|Mem[12][7] ;
; Memory32_8bits:M21|Mem[11][7]           ; Merged with Memory32_8bits:M20|Mem[11][7] ;
; Memory32_8bits:M21|Mem[10][7]           ; Merged with Memory32_8bits:M20|Mem[10][7] ;
; Memory32_8bits:M21|Mem[9][7]            ; Merged with Memory32_8bits:M20|Mem[9][7]  ;
; Memory32_8bits:M21|Mem[8][7]            ; Merged with Memory32_8bits:M20|Mem[8][7]  ;
; Memory32_8bits:M21|Mem[7][7]            ; Merged with Memory32_8bits:M20|Mem[7][7]  ;
; Memory32_8bits:M21|Mem[6][7]            ; Merged with Memory32_8bits:M20|Mem[6][7]  ;
; Memory32_8bits:M21|Mem[5][7]            ; Merged with Memory32_8bits:M20|Mem[5][7]  ;
; Memory32_8bits:M21|Mem[4][7]            ; Merged with Memory32_8bits:M20|Mem[4][7]  ;
; Memory32_8bits:M21|Mem[3][7]            ; Merged with Memory32_8bits:M20|Mem[3][7]  ;
; Memory32_8bits:M21|Mem[2][7]            ; Merged with Memory32_8bits:M20|Mem[2][7]  ;
; Memory32_8bits:M21|Mem[1][7]            ; Merged with Memory32_8bits:M20|Mem[1][7]  ;
; Memory32_8bits:M21|Mem[0][7]            ; Merged with Memory32_8bits:M20|Mem[0][7]  ;
; Total Number of Removed Registers = 256 ;                                           ;
+-----------------------------------------+-------------------------------------------+


+------------------------------------------------------+
; General Register Statistics                          ;
+----------------------------------------------+-------+
; Statistic                                    ; Value ;
+----------------------------------------------+-------+
; Total registers                              ; 3840  ;
; Number of registers using Synchronous Clear  ; 0     ;
; Number of registers using Synchronous Load   ; 0     ;
; Number of registers using Asynchronous Clear ; 0     ;
; Number of registers using Asynchronous Load  ; 0     ;
; Number of registers using Clock Enable       ; 3840  ;
; Number of registers using Preset             ; 0     ;
+----------------------------------------------+-------+


+----------------------------------------------------------------------------------------------------------------------------------------------------------+
; Multiplexer Restructuring Statistics (Restructuring Performed)                                                                                           ;
+--------------------+-----------+---------------+----------------------+------------------------+------------+--------------------------------------------+
; Multiplexer Inputs ; Bus Width ; Baseline Area ; Area if Restructured ; Saving if Restructured ; Registered ; Example Multiplexer Output                 ;
+--------------------+-----------+---------------+----------------------+------------------------+------------+--------------------------------------------+
; 3:1                ; 4 bits    ; 8 LEs         ; 4 LEs                ; 4 LEs                  ; No         ; |Memory256_16bits|Decoder3to8:D0|Dout[6]   ;
; 3:1                ; 4 bits    ; 8 LEs         ; 4 LEs                ; 4 LEs                  ; No         ; |Memory256_16bits|Decoder3to8:D0|Dout[2]   ;
; 32:1               ; 8 bits    ; 168 LEs       ; 168 LEs              ; 0 LEs                  ; No         ; |Memory256_16bits|Memory32_8bits:M20|Mux6  ;
; 225:1              ; 16 bits   ; 2400 LEs      ; 2400 LEs             ; 0 LEs                  ; No         ; |Memory256_16bits|Mux8to1_16bits:Mu0|Mux14 ;
+--------------------+-----------+---------------+----------------------+------------------------+------------+--------------------------------------------+


+-------------------------------+
; Elapsed Time Per Partition    ;
+----------------+--------------+
; Partition Name ; Elapsed Time ;
+----------------+--------------+
; Top            ; 00:00:02     ;
+----------------+--------------+


+-------------------------------+
; Analysis & Synthesis Messages ;
+-------------------------------+
Info: *******************************************************************
Info: Running Quartus II 64-Bit Analysis & Synthesis
    Info: Version 13.1.0 Build 162 10/23/2013 SJ Web Edition
    Info: Processing started: Sun Nov 12 15:05:15 2023
Info: Command: quartus_map --read_settings_files=on --write_settings_files=off Memory256_16bits -c Memory256_16bits
Warning (20028): Parallel compilation is not licensed and has been disabled
Info (12021): Found 1 design units, including 1 entities, in source file mux8to1_16bits.v
    Info (12023): Found entity 1: Mux8to1_16bits
Info (12021): Found 1 design units, including 1 entities, in source file /altera/13.1/quartus/decoder3to8/decoder3to8.v
    Info (12023): Found entity 1: Decoder3to8
Info (12021): Found 2 design units, including 2 entities, in source file memory256_16bits.v
    Info (12023): Found entity 1: Memory256_16bits
    Info (12023): Found entity 2: Memory32_8bits
Info (12021): Found 1 design units, including 1 entities, in source file memory256_16bits_tb.v
    Info (12023): Found entity 1: Memory256_16bits_tb
Info (12127): Elaborating entity "Memory256_16bits" for the top level hierarchy
Info (12128): Elaborating entity "Decoder3to8" for hierarchy "Decoder3to8:D0"
Info (12128): Elaborating entity "Mux8to1_16bits" for hierarchy "Mux8to1_16bits:Mu0"
Info (12128): Elaborating entity "Memory32_8bits" for hierarchy "Memory32_8bits:M00"
Info (286030): Timing-Driven Synthesis is running
Info (16010): Generating hard_block partition "hard_block:auto_generated_inst"
    Info (16011): Adding 0 node(s), including 0 DDIO, 0 PLL, 0 transceiver and 0 LCELL
Info (21057): Implemented 6732 device resources after synthesis - the final resource count might be different
    Info (21058): Implemented 26 input pins
    Info (21059): Implemented 16 output pins
    Info (21061): Implemented 6690 logic cells
Info: Quartus II 64-Bit Analysis & Synthesis was successful. 0 errors, 1 warning
    Info: Peak virtual memory: 4709 megabytes
    Info: Processing ended: Sun Nov 12 15:05:20 2023
    Info: Elapsed time: 00:00:05
    Info: Total CPU time (on all processors): 00:00:01


