Flow report for FA_16bits
Sat Nov 11 22:55:39 2023
Quartus II 64-Bit Version 13.1.0 Build 162 10/23/2013 SJ Web Edition


---------------------
; Table of Contents ;
---------------------
  1. Legal Notice
  2. Flow Summary
  3. Flow Settings
  4. Flow Non-Default Global Settings
  5. Flow Elapsed Time
  6. Flow OS Summary
  7. Flow Log
  8. Flow Messages
  9. Flow Suppressed Messages



----------------
; Legal Notice ;
----------------
Copyright (C) 1991-2013 Altera Corporation
Your use of Altera Corporation's design tools, logic functions 
and other software and tools, and its AMPP partner logic 
functions, and any output files from any of the foregoing 
(including device programming or simulation files), and any 
associated documentation or information are expressly subject 
to the terms and conditions of the Altera Program License 
Subscription Agreement, Altera MegaCore Function License 
Agreement, or other applicable license agreement, including, 
without limitation, that your use is for the sole purpose of 
programming logic devices manufactured by Altera and sold by 
Altera or its authorized distributors.  Please refer to the 
applicable agreement for further details.



+---------------------------------------------------------------------------------+
; Flow Summary                                                                    ;
+------------------------------------+--------------------------------------------+
; Flow Status                        ; Successful - Sat Nov 11 22:55:39 2023      ;
; Quartus II 64-Bit Version          ; 13.1.0 Build 162 10/23/2013 SJ Web Edition ;
; Revision Name                      ; FA_16bits                                  ;
; Top-level Entity Name              ; FA_16bits                                  ;
; Family                             ; Cyclone IV GX                              ;
; Total logic elements               ; 41 / 21,280 ( < 1 % )                      ;
;     Total combinational functions  ; 41 / 21,280 ( < 1 % )                      ;
;     Dedicated logic registers      ; 0 / 21,280 ( 0 % )                         ;
; Total registers                    ; 0                                          ;
; Total pins                         ; 51 / 167 ( 31 % )                          ;
; Total virtual pins                 ; 0                                          ;
; Total memory bits                  ; 0 / 774,144 ( 0 % )                        ;
; Embedded Multiplier 9-bit elements ; 0 / 80 ( 0 % )                             ;
; Total GXB Receiver Channel PCS     ; 0 / 4 ( 0 % )                              ;
; Total GXB Receiver Channel PMA     ; 0 / 4 ( 0 % )                              ;
; Total GXB Transmitter Channel PCS  ; 0 / 4 ( 0 % )                              ;
; Total GXB Transmitter Channel PMA  ; 0 / 4 ( 0 % )                              ;
; Total PLLs                         ; 0 / 4 ( 0 % )                              ;
; Device                             ; EP4CGX22CF19C6                             ;
; Timing Models                      ; Final                                      ;
+------------------------------------+--------------------------------------------+


+-----------------------------------------+
; Flow Settings                           ;
+-------------------+---------------------+
; Option            ; Setting             ;
+-------------------+---------------------+
; Start date & time ; 11/11/2023 22:55:28 ;
; Main task         ; Compilation         ;
; Revision Name     ; FA_16bits           ;
+-------------------+---------------------+


+---------------------------------------------------------------------------------------------------------------------+
; Flow Non-Default Global Settings                                                                                    ;
+--------------------------------------+-------------------------------+---------------+-------------+----------------+
; Assignment Name                      ; Value                         ; Default Value ; Entity Name ; Section Id     ;
+--------------------------------------+-------------------------------+---------------+-------------+----------------+
; COMPILER_SIGNATURE_ID                ; 4930995643197.169971452819628 ; --            ; --          ; --             ;
; EDA_DESIGN_INSTANCE_NAME             ; NA                            ; --            ; --          ; FA_16bits_tb   ;
; EDA_NATIVELINK_SIMULATION_TEST_BENCH ; FA_16bits_tb                  ; --            ; --          ; eda_simulation ;
; EDA_OUTPUT_DATA_FORMAT               ; Vhdl                          ; --            ; --          ; eda_simulation ;
; EDA_SIMULATION_TOOL                  ; ModelSim-Altera (VHDL)        ; <None>        ; --          ; --             ;
; EDA_TEST_BENCH_ENABLE_STATUS         ; TEST_BENCH_MODE               ; --            ; --          ; eda_simulation ;
; EDA_TEST_BENCH_FILE                  ; FA_16bits_tb.v                ; --            ; --          ; FA_16bits_tb   ;
; EDA_TEST_BENCH_MODULE_NAME           ; FA_16bits_tb                  ; --            ; --          ; FA_16bits_tb   ;
; EDA_TEST_BENCH_NAME                  ; FA_16bits_tb                  ; --            ; --          ; eda_simulation ;
; PARTITION_COLOR                      ; 16764057                      ; --            ; --          ; Top            ;
; PARTITION_FITTER_PRESERVATION_LEVEL  ; PLACEMENT_AND_ROUTING         ; --            ; --          ; Top            ;
; PARTITION_NETLIST_TYPE               ; SOURCE                        ; --            ; --          ; Top            ;
; PROJECT_OUTPUT_DIRECTORY             ; output_files                  ; --            ; --          ; --             ;
+--------------------------------------+-------------------------------+---------------+-------------+----------------+


+-------------------------------------------------------------------------------------------------------------------------------+
; Flow Elapsed Time                                                                                                             ;
+---------------------------+--------------+-------------------------+---------------------+------------------------------------+
; Module Name               ; Elapsed Time ; Average Processors Used ; Peak Virtual Memory ; Total CPU Time (on all processors) ;
+---------------------------+--------------+-------------------------+---------------------+------------------------------------+
; Analysis & Synthesis      ; 00:00:01     ; 1.0                     ; 4668 MB             ; 00:00:00                           ;
; Fitter                    ; 00:00:04     ; 1.0                     ; 5051 MB             ; 00:00:01                           ;
; Assembler                 ; 00:00:01     ; 1.0                     ; 4634 MB             ; 00:00:00                           ;
; TimeQuest Timing Analyzer ; 00:00:02     ; 1.0                     ; 4655 MB             ; 00:00:00                           ;
; EDA Netlist Writer        ; 00:00:00     ; 1.0                     ; 4597 MB             ; 00:00:00                           ;
; Total                     ; 00:00:08     ; --                      ; --                  ; 00:00:01                           ;
+---------------------------+--------------+-------------------------+---------------------+------------------------------------+


+----------------------------------------------------------------------------------------+
; Flow OS Summary                                                                        ;
+---------------------------+------------------+-----------+------------+----------------+
; Module Name               ; Machine Hostname ; OS Name   ; OS Version ; Processor type ;
+---------------------------+------------------+-----------+------------+----------------+
; Analysis & Synthesis      ; DESKTOP-LQNSKJJ  ; Windows 7 ; 6.2        ; x86_64         ;
; Fitter                    ; DESKTOP-LQNSKJJ  ; Windows 7 ; 6.2        ; x86_64         ;
; Assembler                 ; DESKTOP-LQNSKJJ  ; Windows 7 ; 6.2        ; x86_64         ;
; TimeQuest Timing Analyzer ; DESKTOP-LQNSKJJ  ; Windows 7 ; 6.2        ; x86_64         ;
; EDA Netlist Writer        ; DESKTOP-LQNSKJJ  ; Windows 7 ; 6.2        ; x86_64         ;
+---------------------------+------------------+-----------+------------+----------------+


------------
; Flow Log ;
------------
quartus_map --read_settings_files=on --write_settings_files=off FA_16bits -c FA_16bits
quartus_fit --read_settings_files=off --write_settings_files=off FA_16bits -c FA_16bits
quartus_asm --read_settings_files=off --write_settings_files=off FA_16bits -c FA_16bits
quartus_sta FA_16bits -c FA_16bits
quartus_eda --read_settings_files=off --write_settings_files=off FA_16bits -c FA_16bits



